<?xml version="1.0" encoding="UTF-8"?>
<testng-results ignored="0" total="1" passed="1" failed="0" skipped="0">
  <reporter-output>
  </reporter-output>
  <suite started-at="2023-04-21T15:52:22 IST" name="Default suite" finished-at="2023-04-21T15:52:35 IST" duration-ms="12528">
    <groups>
    </groups>
    <test started-at="2023-04-21T15:52:22 IST" name="Default test" finished-at="2023-04-21T15:52:35 IST" duration-ms="12528">
      <class name="jiraTest.Jiratest">
        <test-method signature="Jiratest1()[pri:0, instance:jiraTest.Jiratest@71809907]" started-at="2023-04-21T15:52:22 IST" name="Jiratest1" finished-at="2023-04-21T15:52:35 IST" duration-ms="12419" status="PASS">
          <reporter-output>
          </reporter-output>
        </test-method> <!-- Jiratest1 -->
      </class> <!-- jiraTest.Jiratest -->
    </test> <!-- Default test -->
  </suite> <!-- Default suite -->
</testng-results>
